SF:lib\data\datasources\watchlist_local_data_source.dart
DA:23,1
DA:25,1
DA:28,2
DA:31,2
DA:35,1
DA:38,2
DA:41,2
DA:45,1
DA:47,2
DA:49,1
DA:55,1
DA:57,2
DA:59,1
DA:65,1
DA:67,2
DA:68,4
DA:71,1
DA:73,2
DA:74,4
LF:19
LH:19
end_of_record
SF:lib\data\models\watchlist_table.dart
DA:13,8
DA:21,2
DA:22,1
DA:23,1
DA:24,1
DA:25,1
DA:29,2
DA:30,1
DA:31,1
DA:32,1
DA:33,1
DA:37,2
DA:38,1
DA:39,1
DA:40,1
DA:41,1
DA:42,1
DA:45,0
DA:46,0
DA:47,0
DA:48,0
DA:49,0
DA:50,0
DA:53,4
DA:54,2
DA:55,2
DA:56,2
DA:57,2
DA:58,4
DA:61,2
DA:62,2
DA:63,2
DA:64,2
DA:65,2
DA:66,2
DA:67,2
LF:36
LH:30
end_of_record
SF:lib\domain\entities\watchlist.dart
DA:10,8
DA:18,2
DA:19,2
DA:20,2
DA:21,2
DA:22,2
DA:23,2
DA:24,2
LF:8
LH:8
end_of_record
SF:lib\data\datasources\db\database_helper.dart
DA:7,0
DA:11,0
DA:15,0
DA:16,0
DA:22,0
DA:23,0
DA:24,0
DA:26,0
DA:30,0
DA:31,0
DA:42,0
DA:43,0
DA:44,0
DA:47,0
DA:48,0
DA:49,0
DA:52,0
DA:56,0
DA:57,0
DA:58,0
DA:61,0
DA:64,0
DA:65,0
DA:71,0
DA:72,0
DA:73,0
DA:76,0
DA:79,0
DA:80,0
DA:86,0
DA:87,0
DA:88,0
DA:96,0
DA:97,0
DA:98,0
LF:35
LH:0
end_of_record
SF:lib\data\repositories\watchlist_repository_impl.dart
DA:14,1
DA:16,1
DA:19,1
DA:20,2
DA:21,1
DA:22,1
DA:23,3
DA:27,1
DA:30,1
DA:31,2
DA:32,1
DA:33,1
DA:34,3
DA:38,1
DA:42,1
DA:43,2
DA:44,1
DA:45,1
DA:46,3
DA:50,1
DA:53,1
DA:54,2
DA:55,1
DA:56,1
DA:57,3
DA:61,1
DA:63,2
DA:67,1
DA:69,2
DA:73,1
DA:75,2
DA:76,5
DA:79,1
DA:81,2
DA:82,5
LF:35
LH:35
end_of_record
SF:lib\domain\usecases\get_watchlist_movies.dart
DA:9,1
DA:11,1
DA:12,2
LF:3
LH:3
end_of_record
SF:lib\domain\usecases\get_watchlist_status.dart
DA:6,1
DA:8,1
DA:9,2
DA:12,1
DA:13,2
LF:5
LH:5
end_of_record
SF:lib\domain\usecases\get_watchlist_tv_shows.dart
DA:9,1
DA:11,1
DA:12,2
LF:3
LH:3
end_of_record
SF:lib\domain\usecases\remove_watchlist.dart
DA:10,1
DA:12,1
DA:13,2
DA:16,1
DA:17,2
LF:5
LH:5
end_of_record
SF:lib\domain\usecases\save_watchlist.dart
DA:10,1
DA:12,1
DA:13,2
DA:16,1
DA:17,2
LF:5
LH:5
end_of_record
SF:lib\presentation\provider\watchlist_notifier.dart
DA:19,1
DA:35,2
DA:37,2
DA:39,2
DA:41,2
DA:43,2
DA:45,2
DA:47,2
DA:49,1
DA:50,2
DA:52,1
DA:53,3
DA:54,2
DA:57,2
DA:60,1
DA:61,2
DA:63,1
DA:64,3
DA:65,2
DA:68,2
DA:71,1
DA:72,2
DA:74,1
DA:75,3
DA:76,2
DA:79,2
DA:82,1
DA:83,2
DA:85,1
DA:86,3
DA:87,2
DA:90,2
DA:93,1
DA:94,2
DA:95,1
DA:96,1
DA:99,1
DA:100,2
DA:101,1
DA:102,1
DA:105,1
DA:106,1
DA:107,1
DA:109,2
DA:111,1
DA:112,1
DA:113,1
DA:114,2
DA:115,1
DA:117,1
DA:118,1
DA:119,1
DA:121,1
DA:123,1
DA:124,1
DA:129,1
DA:130,1
DA:131,1
DA:133,2
DA:135,1
DA:136,1
DA:137,1
DA:138,2
DA:139,1
DA:141,1
DA:142,1
DA:143,1
DA:145,1
DA:147,1
DA:148,1
LF:70
LH:70
end_of_record
