SF:lib\data\datasources\search_remote_data_source.dart
DA:20,1
DA:22,1
DA:24,1
DA:25,3
DA:27,2
DA:28,4
DA:30,1
DA:34,1
DA:37,4
DA:39,2
DA:40,4
DA:42,1
LF:12
LH:12
end_of_record
SF:lib\data\repositories\search_repository_impl.dart
DA:14,1
DA:16,1
DA:19,2
DA:20,5
DA:21,1
DA:23,1
DA:28,1
DA:31,2
DA:32,5
DA:33,1
DA:35,1
LF:11
LH:11
end_of_record
SF:lib\domain\usecases\search_movies.dart
DA:9,1
DA:11,1
DA:12,2
LF:3
LH:3
end_of_record
SF:lib\domain\usecases\search_tv_shows.dart
DA:9,1
DA:11,1
DA:12,2
LF:3
LH:3
end_of_record
SF:lib\presentation\provider\movie_search_notifier.dart
DA:9,1
DA:15,2
DA:17,2
DA:19,2
DA:21,1
DA:22,1
DA:23,1
DA:25,2
DA:27,1
DA:28,1
DA:29,2
DA:30,1
DA:31,1
DA:33,1
DA:34,1
DA:35,1
DA:36,1
DA:37,1
DA:39,1
DA:40,1
DA:41,1
LF:21
LH:21
end_of_record
SF:lib\presentation\pages\search_page.dart
DA:10,1
DA:16,1
DA:18,1
DA:20,1
DA:21,1
DA:22,2
DA:24,1
DA:26,1
DA:28,1
DA:29,1
DA:30,1
DA:31,1
DA:32,1
DA:33,1
DA:34,1
DA:35,1
DA:46,3
DA:53,1
DA:54,1
DA:55,1
DA:56,1
DA:57,1
DA:61,1
DA:62,1
DA:63,1
DA:65,1
DA:66,2
DA:67,1
DA:69,2
DA:72,2
DA:73,1
DA:74,1
DA:75,2
DA:79,1
DA:81,2
DA:88,1
DA:89,1
DA:90,1
DA:91,1
DA:92,1
DA:96,1
DA:97,1
DA:98,1
DA:100,1
DA:101,2
DA:102,1
DA:104,2
DA:107,2
DA:108,1
DA:109,1
DA:110,2
DA:114,1
DA:116,2
LF:53
LH:53
end_of_record
SF:lib\presentation\provider\tv_search_notifier.dart
DA:9,1
DA:15,2
DA:17,2
DA:19,2
DA:21,1
DA:22,1
DA:23,1
DA:25,2
DA:27,1
DA:28,1
DA:29,2
DA:30,1
DA:31,1
DA:33,1
DA:34,1
DA:35,1
DA:36,1
DA:37,1
DA:39,1
DA:40,1
DA:41,1
LF:21
LH:21
end_of_record
