SF:lib\data\models\tv_detail_model.dart
DA:14,13
DA:24,2
DA:25,2
DA:26,8
DA:27,2
DA:28,8
DA:29,2
DA:30,2
DA:31,2
DA:32,2
DA:33,4
DA:36,2
DA:37,4
DA:38,5
DA:39,1
DA:40,1
DA:41,1
DA:42,1
DA:43,1
DA:46,2
DA:47,2
DA:48,2
DA:49,10
DA:50,2
DA:51,2
DA:52,2
DA:53,2
DA:54,2
DA:58,2
DA:59,2
DA:60,2
DA:61,2
DA:62,2
DA:63,2
DA:64,2
DA:65,2
DA:66,2
LF:37
LH:37
end_of_record
SF:lib\data\models\tv_model.dart
DA:10,14
DA:17,6
DA:18,3
DA:19,3
DA:20,3
DA:21,3
DA:24,4
DA:25,2
DA:26,2
DA:27,2
DA:28,2
DA:31,2
DA:32,2
DA:33,2
DA:34,2
DA:35,2
DA:36,2
DA:40,3
DA:41,3
DA:42,3
DA:43,3
DA:44,3
DA:45,3
LF:23
LH:23
end_of_record
SF:lib\domain\entities\tv.dart
DA:9,13
DA:16,2
DA:17,2
DA:18,2
DA:19,2
DA:20,2
DA:21,2
LF:7
LH:7
end_of_record
SF:lib\domain\entities\tv_detail.dart
DA:13,13
DA:23,2
DA:24,2
DA:25,2
DA:26,2
DA:27,2
DA:28,2
DA:29,2
DA:30,2
DA:31,2
LF:10
LH:10
end_of_record
SF:lib\data\datasources\tv_remote_data_source.dart
DA:25,1
DA:29,1
DA:32,3
DA:34,2
DA:35,4
DA:37,1
DA:41,1
DA:44,3
DA:46,2
DA:47,4
DA:49,1
DA:53,1
DA:56,3
DA:58,2
DA:59,4
DA:61,1
DA:65,1
DA:67,4
DA:69,2
DA:70,3
DA:72,1
DA:76,1
DA:79,4
DA:81,2
DA:82,4
DA:84,1
LF:26
LH:26
end_of_record
SF:lib\data\models\tv_response.dart
DA:7,3
DA:9,4
DA:10,4
DA:11,6
DA:12,6
DA:15,2
DA:16,5
DA:19,1
DA:20,2
LF:9
LH:9
end_of_record
SF:lib\data\repositories\tv_repository_impl.dart
DA:14,1
DA:16,1
DA:19,2
DA:20,5
DA:21,1
DA:23,1
DA:28,1
DA:31,2
DA:32,5
DA:33,1
DA:35,1
DA:40,1
DA:43,2
DA:44,5
DA:45,1
DA:47,1
DA:52,1
DA:55,2
DA:56,2
DA:57,1
DA:59,1
DA:64,1
DA:67,2
DA:68,3
DA:69,1
DA:71,1
LF:26
LH:26
end_of_record
SF:lib\domain\usecases\get_on_the_air_tv_shows.dart
DA:9,1
DA:11,1
DA:12,2
LF:3
LH:3
end_of_record
SF:lib\domain\usecases\get_popular_tv_shows.dart
DA:9,1
DA:11,1
DA:12,2
LF:3
LH:3
end_of_record
SF:lib\domain\usecases\get_top_rated_tv_shows.dart
DA:9,1
DA:11,1
DA:12,2
LF:3
LH:3
end_of_record
SF:lib\domain\usecases\get_tv_show_detail.dart
DA:9,1
DA:11,1
DA:12,2
LF:3
LH:3
end_of_record
SF:lib\domain\usecases\get_tv_show_recommendations.dart
DA:9,1
DA:11,1
DA:12,2
LF:3
LH:3
end_of_record
SF:lib\presentation\provider\tv_detail_notifier.dart
DA:12,1
DA:20,2
DA:22,2
DA:27,2
DA:29,2
DA:33,2
DA:35,1
DA:36,1
DA:37,1
DA:39,2
DA:40,2
DA:42,1
DA:43,1
DA:44,1
DA:45,2
DA:46,1
DA:48,1
DA:49,1
DA:50,1
DA:51,1
DA:53,1
DA:54,1
DA:55,1
DA:56,2
DA:58,1
DA:59,1
DA:60,1
DA:63,1
DA:64,1
LF:29
LH:29
end_of_record
SF:lib\presentation\provider\tv_list_notifier.dart
DA:13,1
DA:23,2
DA:25,2
DA:27,2
DA:33,2
DA:35,2
DA:37,2
DA:41,2
DA:43,1
DA:44,1
DA:45,1
DA:47,2
DA:49,1
DA:50,1
DA:51,1
DA:52,2
DA:53,1
DA:55,1
DA:56,1
DA:57,1
DA:58,1
DA:63,1
DA:64,1
DA:65,1
DA:67,2
DA:69,1
DA:70,1
DA:71,1
DA:72,2
DA:73,1
DA:75,1
DA:76,1
DA:77,1
DA:78,1
DA:83,1
DA:84,1
DA:85,1
DA:87,2
DA:89,1
DA:90,1
DA:91,1
DA:92,2
DA:93,1
DA:95,1
DA:96,1
DA:97,1
DA:98,1
LF:47
LH:47
end_of_record
